<?xml version="1.0" encoding="UTF-8"?>
<!-- Generated by org.testng.reporters.JUnitXMLReporter -->
<testsuite hostname="DESKTOP-01THEB1" ignored="0" name="Regression" tests="2" failures="2" timestamp="10 Feb 2019 03:46:29 GMT" time="443.446" errors="0">
  <testcase name="tc_01_buyProductFromEmbroidedSarees" time="34.192" classname="com.craftsvilla.testscripts.EmbroidedSareesScripts">
    <failure type="java.lang.AssertionError" message="null">
      <![CDATA[java.lang.AssertionError: null
at com.craftsvilla.testscripts.EmbroidedSareesScripts.tc_01_buyProductFromEmbroidedSarees(EmbroidedSareesScripts.java:38)
... Removed 26 stack frames]]>
    </failure>
  </testcase> <!-- tc_01_buyProductFromEmbroidedSarees -->
  <testcase name="tc_01_loginToApp" time="328.269" classname="com.craftsvilla.testscripts.LogInScripts">
    <failure type="java.lang.AssertionError" message="expected [true] but found [false]">
      <![CDATA[java.lang.AssertionError: expected [true] but found [false]
at com.craftsvilla.testscripts.LogInScripts.tc_01_loginToApp(LogInScripts.java:40)
... Removed 28 stack frames]]>
    </failure>
  </testcase> <!-- tc_01_loginToApp -->
</testsuite> <!-- Regression -->
